Vivado Simulator 2020.2
Copyright 1986-1999, 2001-2020 Xilinx, Inc. All Rights Reserved.
Running: D:/Vivado/installation/Vivado/2020.2/bin/unwrapped/win64.o/xelab.exe -wto b15b77f7149647afb1246595c2800742 --incr --debug typical --relax --mt 2 -L xil_defaultlib -L blk_mem_gen_v8_4_4 -L xbip_utils_v3_0_10 -L xbip_pipe_v3_0_6 -L xbip_bram18k_v3_0_6 -L mult_gen_v12_0_16 -L unisims_ver -L unimacro_ver -L secureip -L xpm --snapshot test_VGA_drive_behav xil_defaultlib.test_VGA_drive xil_defaultlib.glbl -log elaborate.log 
Using 2 slave threads.
Starting static elaboration
Pass Through NonSizing Optimizer
Completed static elaboration
Starting simulation data flow analysis
Completed simulation data flow analysis
Time Resolution for simulation is 1ps
Compiling package std.standard
Compiling package std.textio
Compiling package ieee.std_logic_1164
Compiling package ieee.std_logic_arith
Compiling package ieee.std_logic_unsigned
Compiling package ieee.numeric_std
Compiling package mult_gen_v12_0_16.mult_gen_v12_0_16_viv_comp
Compiling package xbip_utils_v3_0_10.xbip_utils_v3_0_10_pkg
Compiling package mult_gen_v12_0_16.mult_gen_v12_0_16_pkg
Compiling package ieee.std_logic_signed
Compiling package unisim.vcomponents
Compiling package ieee.vital_timing
Compiling package ieee.vital_primitives
Compiling package unisim.vpkg
Compiling package vl.vl_types
Compiling module xil_defaultlib.glbl
Compiling module unisims_ver.IBUF
Compiling module unisims_ver.MMCME2_ADV(CLKFBOUT_MULT_F=10.0,...
Compiling module unisims_ver.BUFG
Compiling module xil_defaultlib.clk_wiz_0_clk_wiz
Compiling module xil_defaultlib.clk_wiz_0
Compiling architecture behavioral of entity xil_defaultlib.VGA_drive [vga_drive_default]
Compiling architecture behavioral of entity xil_defaultlib.compAdd [compadd_default]
Compiling architecture lut2_v of entity unisim.LUT2 [\LUT2(init="1000")(0,3)\]
Compiling architecture mult_and_v of entity unisim.MULT_AND [mult_and_default]
Compiling architecture muxcy_v of entity unisim.MUXCY [muxcy_default]
Compiling architecture xorcy_v of entity unisim.XORCY [xorcy_default]
Compiling architecture xilinx of entity mult_gen_v12_0_16.op_resize [\op_resize(ai_width=11,bi_width=...]
Compiling architecture xilinx of entity mult_gen_v12_0_16.luts [\luts(c_xdevicefamily="artix7",c...]
Compiling architecture xilinx of entity mult_gen_v12_0_16.mult_gen_v12_0_16_viv [\mult_gen_v12_0_16_viv(c_verbosi...]
Compiling architecture xilinx of entity mult_gen_v12_0_16.mult_gen_v12_0_16 [\mult_gen_v12_0_16(c_xdevicefami...]
Compiling architecture mult_gen_0_arch of entity xil_defaultlib.mult_gen_0 [mult_gen_0_default]
Compiling architecture behavioral of entity xil_defaultlib.compAddress_final [compaddress_final_default]
Compiling architecture behavioral of entity xil_defaultlib.compEnable [compenable_default]
Compiling module blk_mem_gen_v8_4_4.blk_mem_gen_v8_4_4_output_stage(...
Compiling module blk_mem_gen_v8_4_4.blk_mem_gen_v8_4_4_output_stage(...
Compiling module blk_mem_gen_v8_4_4.blk_mem_gen_v8_4_4_softecc_outpu...
Compiling module blk_mem_gen_v8_4_4.blk_mem_gen_v8_4_4_mem_module(C_...
Compiling module blk_mem_gen_v8_4_4.blk_mem_gen_v8_4_4(C_FAMILY="art...
Compiling module xil_defaultlib.blk_mem_gen_0
Compiling architecture behavioral of entity xil_defaultlib.compRGB [comprgb_default]
Compiling architecture behavioral of entity xil_defaultlib.top [top_default]
Compiling architecture behavioral of entity xil_defaultlib.test_vga_drive
Built simulation snapshot test_VGA_drive_behav
