Vivado Simulator 2020.2
Copyright 1986-1999, 2001-2020 Xilinx, Inc. All Rights Reserved.
Running: D:/Vivado/installation/Vivado/2020.2/bin/unwrapped/win64.o/xelab.exe -wto 9ebd5e4039344fe7beb90a1e7538eefa --incr --debug typical --relax --mt 2 -L xil_defaultlib -L secureip --snapshot test_pipeline_func_impl xil_defaultlib.test_pipeline -log elaborate.log 
Using 2 slave threads.
Starting static elaboration
Completed static elaboration
Starting simulation data flow analysis
Completed simulation data flow analysis
Time Resolution for simulation is 1ps
Compiling package std.standard
Compiling package std.textio
Compiling package ieee.std_logic_1164
Compiling package ieee.numeric_std
Compiling package unisim.vcomponents
Compiling package ieee.vital_timing
Compiling package ieee.vital_primitives
Compiling package unisim.vpkg
Compiling architecture bufg_v of entity unisim.BUFG [bufg_default]
Compiling architecture ibuf_v of entity unisim.IBUF [\IBUF(1,9)(1,1)(1,4)(1,7)\]
Compiling architecture lut2_v of entity unisim.LUT2 [\LUT2(init="1000")(0,3)\]
Compiling architecture fdce_v of entity unisim.FDCE [fdce_default]
Compiling architecture fdre_v of entity unisim.FDRE [fdre_default]
Compiling architecture srl16e_v of entity unisim.SRL16E [\SRL16E(0,15)\]
Compiling architecture lut3_v of entity unisim.LUT3 [\LUT3(init="01101010")(0,7)\]
Compiling architecture carry4_v of entity unisim.CARRY4 [carry4_default]
Compiling architecture structure of entity xil_defaultlib.\stage__parameterized17\ [\stage__parameterized17_default\]
Compiling architecture structure of entity xil_defaultlib.\stage__parameterized19\ [\stage__parameterized19_default\]
Compiling architecture structure of entity xil_defaultlib.\stage__parameterized21\ [\stage__parameterized21_default\]
Compiling architecture structure of entity xil_defaultlib.\stage__parameterized23\ [\stage__parameterized23_default\]
Compiling architecture structure of entity xil_defaultlib.\stage__parameterized25\ [\stage__parameterized25_default\]
Compiling architecture structure of entity xil_defaultlib.\stage__parameterized27\ [\stage__parameterized27_default\]
Compiling architecture lut4_v of entity unisim.LUT4 [\LUT4(init="0111100010001000")(0...]
Compiling architecture structure of entity xil_defaultlib.stage [stage_default]
Compiling architecture structure of entity xil_defaultlib.\stage__parameterized1\ [\stage__parameterized1_default\]
Compiling architecture structure of entity xil_defaultlib.\stage__parameterized3\ [\stage__parameterized3_default\]
Compiling architecture structure of entity xil_defaultlib.\stage__parameterized5\ [\stage__parameterized5_default\]
Compiling architecture structure of entity xil_defaultlib.\stage__parameterized7\ [\stage__parameterized7_default\]
Compiling architecture structure of entity xil_defaultlib.\stage__parameterized9\ [\stage__parameterized9_default\]
Compiling architecture structure of entity xil_defaultlib.\stage__parameterized11\ [\stage__parameterized11_default\]
Compiling architecture structure of entity xil_defaultlib.\stage__parameterized13\ [\stage__parameterized13_default\]
Compiling architecture structure of entity xil_defaultlib.\stage__parameterized15\ [\stage__parameterized15_default\]
Compiling architecture structure of entity xil_defaultlib.mul [mul_default]
Compiling architecture obuf_v of entity unisim.OBUF [\OBUF(1,9)(1,7)(1,4)\]
Compiling architecture structure of entity xil_defaultlib.top_module [top_module_default]
Compiling architecture behavioral of entity xil_defaultlib.test_pipeline
Built simulation snapshot test_pipeline_func_impl
