#-----------------------------------------------------------
# Vivado v2020.2 (64-bit)
# SW Build 3064766 on Wed Nov 18 09:12:45 MST 2020
# IP Build 3064653 on Wed Nov 18 14:17:31 MST 2020
# Start of session at: Fri May  5 23:30:32 2023
# Process ID: 12792
# Current directory: D:/Study in SUSTech/Second semester of junior year/Digital system design/lab/lab2/exercise5/Fibonacci
# Command line: vivado.exe -gui_launcher_event rodinguilauncherevent19956 D:\Study in SUSTech\Second semester of junior year\Digital system design\lab\lab2\exercise5\Fibonacci\Fibonacci.xpr
# Log file: D:/Study in SUSTech/Second semester of junior year/Digital system design/lab/lab2/exercise5/Fibonacci/vivado.log
# Journal file: D:/Study in SUSTech/Second semester of junior year/Digital system design/lab/lab2/exercise5/Fibonacci\vivado.jou
#-----------------------------------------------------------
start_gui
open_project {D:/Study in SUSTech/Second semester of junior year/Digital system design/lab/lab2/exercise5/Fibonacci/Fibonacci.xpr}
INFO: [ProjectBase 1-489] The host OS only allows 260 characters in a normal path. The project is stored in a path with more than 80 characters. If you experience issues with IP, Block Designs, or files not being found, please consider moving the project to a location with a shorter path. Alternately consider using the OS subst command to map part of the path to a drive letter.
Current project path is 'D:/Study in SUSTech/Second semester of junior year/Digital system design/lab/lab2/exercise5/Fibonacci'
WARNING: [filemgmt 56-3] Default IP Output Path : Could not find the directory 'D:/Study in SUSTech/Second semester of junior year/Digital system design/lab/lab2/exercise5/Fibonacci/Fibonacci.gen/sources_1'.
Scanning sources...
Finished scanning sources
INFO: [IP_Flow 19-234] Refreshing IP repositories
INFO: [IP_Flow 19-1704] No user IP repositories specified
INFO: [IP_Flow 19-2313] Loaded Vivado IP repository 'D:/Vivado/installation/Vivado/2020.2/data/ip'.
open_project: Time (s): cpu = 00:00:14 ; elapsed = 00:00:05 . Memory (MB): peak = 1020.570 ; gain = 0.000
update_compile_order -fileset sources_1
exit
INFO: [Common 17-206] Exiting Vivado at Sat May  6 02:08:59 2023...
